<?xml version="1.0" encoding="UTF-8"?>
<!-- Generated by org.testng.reporters.JUnitReportReporter -->
<testsuite skipped="0" hostname="Prakashs-MacBook-Pro.local" name="com.apex.ecommerce.registration.RegistrationTest" tests="1" failures="0" timestamp="31 Oct 2018 15:59:47 GMT" time="11.022" errors="0">
  <testcase name="registrationTest_pass1" time="11.022" classname="com.apex.ecommerce.registration.RegistrationTest"/>
</testsuite> <!-- com.apex.ecommerce.registration.RegistrationTest -->
