<?xml version="1.0" encoding="UTF-8"?>
<!-- Generated by org.testng.reporters.JUnitReportReporter -->
<testsuite skipped="0" hostname="Prakashs-MacBook-Pro.local" name="com.apex.ecommerce.order.OrderTest" tests="1" failures="0" timestamp="28 Aug 2018 01:03:06 GMT" time="6.587" errors="0">
  <testcase name="orderSummaryTest" time="6.587" classname="com.apex.ecommerce.order.OrderTest"/>
</testsuite> <!-- com.apex.ecommerce.order.OrderTest -->
