<?xml version="1.0" encoding="UTF-8"?>
<!-- Generated by org.testng.reporters.JUnitReportReporter -->
<testsuite skipped="0" hostname="Prakashs-MacBook-Pro.local" name="com.apex.ecommerce.login.LoginTest" tests="1" failures="0" timestamp="31 Oct 2018 15:59:47 GMT" time="8.005" errors="0">
  <testcase name="login_pass1" time="8.005" classname="com.apex.ecommerce.login.LoginTest"/>
</testsuite> <!-- com.apex.ecommerce.login.LoginTest -->
