<?xml version="1.0" encoding="UTF-8"?>
<!-- Generated by org.testng.reporters.JUnitReportReporter -->
<testsuite skipped="0" hostname="Prakashs-MacBook-Pro.local" name="com.apex.ecommerce.registration.RegistrationTest" tests="1" failures="0" timestamp="01 Nov 2018 18:14:13 GMT" time="5.472" errors="0">
  <testcase name="registrationTest_pass1" time="5.472" classname="com.apex.ecommerce.registration.RegistrationTest"/>
</testsuite> <!-- com.apex.ecommerce.registration.RegistrationTest -->
